Loading petsc/3.20.1-mpi-debug
  Loading requirement: intel-compilers/19.1.3 intel-mpi/2019.9
+ echo '-------------- Run of Vec2a ----------------'
-------------- Run of Vec2a ----------------
+ srun ./vec2a.exe
hello
hello
hello
hello
Vec Object: 4 MPI processes
  type: mpi
Process [0]
0.
0.
0.
0.
0.
0.
0.
0.
0.
0.
0.
0.
0.
0.
0.
0.
0.
0.
0.
0.
0.
0.
0.
0.
0.
0.
0.
0.
0.
0.
0.
0.
0.
0.
0.
0.
0.
0.
0.
0.
0.
0.
0.
0.
0.
0.
0.
0.
0.
0.
0.
0.
0.
0.
0.
0.
0.
0.
0.
0.
0.
0.
0.
0.
0.
0.
0.
0.
0.
0.
0.
0.
0.
0.
0.
0.
0.
0.
0.
0.
0.
0.
0.
0.
0.
0.
0.
0.
0.
0.
0.
0.
0.
0.
0.
0.
0.
0.
0.
0.
0.
0.
0.
0.
0.
0.
0.
0.
0.
0.
0.
0.
0.
0.
0.
0.
0.
0.
0.
0.
0.
0.
0.
0.
0.
0.
0.
0.
0.
0.
0.
0.
0.
0.
0.
0.
0.
0.
0.
0.
0.
0.
0.
0.
0.
0.
0.
0.
0.
0.
Process [1]
0.
0.
0.
0.
0.
0.
0.
0.
0.
0.
0.
0.
0.
0.
0.
0.
0.
0.
0.
0.
0.
0.
0.
0.
0.
0.
0.
0.
0.
0.
0.
0.
0.
0.
0.
0.
0.
0.
0.
0.
0.
0.
0.
0.
0.
0.
0.
0.
0.
0.
0.
0.
0.
0.
0.
0.
0.
0.
0.
0.
0.
0.
0.
0.
0.
0.
0.
0.
0.
0.
0.
0.
0.
0.
0.
0.
0.
0.
0.
0.
0.
0.
0.
0.
0.
0.
0.
0.
0.
0.
0.
0.
0.
0.
0.
0.
0.
0.
0.
0.
0.
0.
0.
0.
0.
0.
0.
0.
0.
0.
0.
0.
0.
0.
0.
0.
0.
0.
0.
0.
0.
0.
0.
0.
0.
0.
0.
0.
0.
0.
0.
0.
0.
0.
0.
0.
0.
0.
0.
0.
0.
0.
0.
0.
0.
0.
0.
0.
0.
0.
Process [2]
0.
0.
0.
0.
0.
0.
0.
0.
0.
0.
0.
0.
0.
0.
0.
0.
0.
0.
0.
0.
0.
0.
0.
0.
0.
0.
0.
0.
0.
0.
0.
0.
0.
0.
0.
0.
0.
0.
0.
0.
0.
0.
0.
0.
0.
0.
0.
0.
0.
0.
0.
0.
0.
0.
0.
0.
0.
0.
0.
0.
0.
0.
0.
0.
0.
0.
0.
0.
0.
0.
0.
0.
0.
0.
0.
0.
0.
0.
0.
0.
0.
0.
0.
0.
0.
0.
0.
0.
0.
0.
0.
0.
0.
0.
0.
0.
0.
0.
0.
0.
0.
0.
0.
0.
0.
0.
0.
0.
0.
0.
0.
0.
0.
0.
0.
0.
0.
0.
0.
0.
0.
0.
0.
0.
0.
0.
0.
0.
0.
0.
0.
0.
0.
0.
0.
0.
0.
0.
0.
0.
0.
0.
0.
0.
0.
0.
0.
0.
0.
0.
Process [3]
0.
0.
0.
0.
0.
0.
0.
0.
0.
0.
0.
0.
0.
0.
0.
0.
0.
0.
0.
0.
0.
0.
0.
0.
0.
0.
0.
0.
0.
0.
0.
0.
0.
0.
0.
0.
0.
0.
0.
0.
0.
0.
0.
0.
0.
0.
0.
0.
0.
0.
0.
0.
0.
0.
0.
0.
0.
0.
0.
0.
0.
0.
0.
0.
0.
0.
0.
0.
0.
0.
0.
0.
0.
0.
0.
0.
0.
0.
0.
0.
0.
0.
0.
0.
0.
0.
0.
0.
0.
0.
0.
0.
0.
0.
0.
0.
0.
0.
0.
0.
0.
0.
0.
0.
0.
0.
0.
0.
0.
0.
0.
0.
0.
0.
0.
0.
0.
0.
0.
0.
0.
0.
0.
0.
0.
0.
0.
0.
0.
0.
0.
0.
0.
0.
0.
0.
0.
0.
0.
0.
0.
0.
0.
0.
0.
0.
0.
0.
0.
0.
s 0 e 150  
Vec Object: 4 MPI processes
  type: mpi
Process [0]
0.
1.
2.
3.
4.
5.
6.
7.
8.
9.
10.
11.
12.
13.
14.
15.
16.
17.
18.
19.
20.
21.
22.
23.
24.
25.
26.
27.
28.
29.
30.
31.
32.
33.
34.
35.
36.
37.
38.
39.
40.
41.
42.
43.
44.
45.
46.
47.
48.
49.
50.
51.
52.
53.
54.
55.
56.
57.
58.
59.
60.
61.
62.
63.
64.
65.
66.
67.
68.
69.
70.
71.
72.
73.
74.
75.
76.
77.
78.
79.
80.
81.
82.
83.
84.
85.
86.
87.
88.
89.
90.
91.
92.
93.
94.
95.
96.
97.
98.
99.
100.
101.
102.
103.
104.
105.
106.
107.
108.
109.
110.
111.
112.
113.
114.
115.
116.
117.
118.
119.
120.
121.
122.
123.
124.
125.
126.
127.
128.
129.
130.
131.
132.
133.
134.
135.
136.
137.
138.
139.
140.
141.
142.
143.
144.
145.
146.
147.
148.
149.
Process [1]
150.
151.
152.
153.
154.
155.
156.
157.
158.
159.
160.
161.
162.
163.
164.
165.
166.
167.
168.
169.
170.
171.
172.
173.
174.
175.
176.
177.
178.
179.
180.
181.
182.
183.
184.
185.
186.
187.
188.
189.
190.
191.
192.
193.
194.
195.
196.
197.
198.
199.
200.
201.
202.
203.
204.
205.
206.
207.
208.
209.
210.
211.
212.
213.
214.
215.
216.
217.
218.
219.
220.
221.
222.
223.
224.
225.
226.
227.
228.
229.
230.
231.
232.
233.
234.
235.
236.
237.
238.
239.
240.
241.
242.
243.
244.
245.
246.
247.
248.
249.
250.
251.
252.
253.
254.
255.
256.
257.
258.
259.
260.
261.
262.
263.
264.
265.
266.
267.
268.
269.
270.
271.
272.
273.
274.
275.
276.
277.
278.
279.
280.
281.
282.
283.
284.
285.
286.
287.
288.
289.
290.
291.
292.
293.
294.
295.
296.
297.
298.
299.
Process [2]
300.
301.
302.
303.
304.
305.
306.
307.
308.
309.
310.
311.
312.
313.
314.
315.
316.
317.
318.
319.
320.
321.
322.
323.
324.
325.
326.
327.
328.
329.
330.
331.
332.
333.
334.
335.
336.
337.
338.
339.
340.
341.
342.
343.
344.
345.
346.
347.
348.
349.
350.
351.
352.
353.
354.
355.
356.
357.
358.
359.
360.
361.
362.
363.
364.
365.
366.
367.
368.
369.
370.
371.
372.
373.
374.
375.
376.
377.
378.
379.
380.
381.
382.
383.
384.
385.
386.
387.
388.
389.
390.
391.
392.
393.
394.
395.
396.
397.
398.
399.
400.
401.
402.
403.
404.
405.
406.
407.
408.
409.
410.
411.
412.
413.
414.
415.
416.
417.
418.
419.
420.
421.
422.
423.
424.
425.
426.
427.
428.
429.
430.
431.
432.
433.
434.
435.
436.
437.
438.
439.
440.
441.
442.
443.
444.
445.
446.
447.
448.
449.
Process [3]
450.
451.
452.
453.
454.
455.
456.
457.
458.
459.
460.
461.
462.
463.
464.
465.
466.
467.
468.
469.
470.
471.
472.
473.
474.
475.
476.
477.
478.
479.
480.
481.
482.
483.
484.
485.
486.
487.
488.
489.
490.
491.
492.
493.
494.
495.
496.
497.
498.
499.
500.
501.
502.
503.
504.
505.
506.
507.
508.
509.
510.
511.
512.
513.
514.
515.
516.
517.
518.
519.
520.
521.
522.
523.
524.
525.
526.
527.
528.
529.
530.
531.
532.
533.
534.
535.
536.
537.
538.
539.
540.
541.
542.
543.
544.
545.
546.
547.
548.
549.
550.
551.
552.
553.
554.
555.
556.
557.
558.
559.
560.
561.
562.
563.
564.
565.
566.
567.
568.
569.
570.
571.
572.
573.
574.
575.
576.
577.
578.
579.
580.
581.
582.
583.
584.
585.
586.
587.
588.
589.
590.
591.
592.
593.
594.
595.
596.
597.
598.
599.
s 150 e 300  
s 300 e 450  
s 450 e 600  

real	0m0.940s
user	0m0.014s
sys	0m0.020s
+ echo '-------------- Run of Vec2b ----------------'
-------------- Run of Vec2b ----------------
+ srun ./vec2b.exe
hello
hello
hello
hello
Vec Object: 4 MPI processes
  type: mpi
Process [0]
0.
0.
0.
0.
0.
0.
0.
0.
0.
0.
0.
0.
0.
0.
0.
0.
0.
0.
0.
0.
0.
0.
0.
0.
0.
0.
0.
0.
0.
0.
0.
0.
0.
0.
0.
0.
0.
150
150.000000
151
151.000000
152
152.000000
0.
0.
0.
0.
0.
0.
0.
0.
0.
153
153.000000
154
154.000000
155
155.000000
156
156.000000
157
157.000000
158
158.000000
159
159.000000
160
160.000000
161
161.000000
162
162.000000
163
300
300.000000
301
301.000000
302
302.000000
303
303.000000
304
304.000000
450
450.000000
451
451.000000
452
452.000000
453
453.000000
454
454.000000
455
455.000000
456
0.
0.
0.
0.
0.
0.
0.
0.
0.
0.
0.
0.
0.
0.
0.
0.
0.
0.
0.
0.
0.
0.
163.000000
164
164.000000
165
165.000000
166
166.000000
167
167.000000
168
168.000000
169
169.000000
170
170.000000
171
171.000000
172
172.000000
173
173.000000
174
174.000000
175
175.000000
176
176.000000
177
177.000000
178
178.000000
179
179.000000
180
180.000000
181
181.000000
182
182.000000
305
305.000000
306
306.000000
307
307.000000
308
308.000000
309
309.000000
310
310.000000
311
311.000000
312
312.000000
313
313.000000
314
314.000000
315
315.000000
316
316.000000
317
317.000000
456.000000
457
457.000000
458
458.000000
459
459.000000
460
460.000000
461
461.000000
462
462.000000
463
463.000000
464
464.000000
465
465.000000
466
466.000000
467
467.000000
468
468.000000
469
469.000000
470
0.
0.
0.
0.
0.
0.
0.
0.
0.
0.
0.
0.
0.
0.
0.
0.
0.
0.
0.
0.
0.
0.
0.
0.
0.
183
183.000000
184
184.000000
185
185.000000
186
186.000000
187
187.000000
188
188.000000
189
189.000000
190
190.000000
191
191.000000
192
192.000000
193
193.000000
194
194.000000
195
195.000000
196
196.000000
197
197.000000
198
198.000000
199
199.000000
200
200.000000
201
201.000000
202
202.000000
203
203.000000
204
318
318.000000
319
319.000000
320
320.000000
321
321.000000
322
322.000000
323
323.000000
324
324.000000
325
325.000000
326
326.000000
327
327.000000
328
328.000000
329
329.000000
330
330.000000
331
470.000000
471
471.000000
472
472.000000
473
473.000000
474
474.000000
475
475.000000
476
476.000000
477
477.000000
478
478.000000
479
479.000000
480
480.000000
481
481.000000
482
482.000000
483
483.000000
484
484.000000
485
0.
0.
0.
0.
0.
0.
0.
0.
0.
0.
0.
0.
0.
0.
0.
0.
0.
0.
0.
0.
0.
0.
0.
0.
204.000000
205
205.000000
206
206.000000
207
207.000000
208
208.000000
209
209.000000
210
210.000000
211
211.000000
212
212.000000
213
213.000000
214
214.000000
215
215.000000
216
216.000000
217
217.000000
218
218.000000
219
219.000000
220
220.000000
221
221.000000
222
222.000000
223
223.000000
224
224.000000
225
225.000000
331.000000
332
332.000000
333
333.000000
334
334.000000
335
335.000000
336
336.000000
337
337.000000
338
338.000000
339
339.000000
340
340.000000
341
341.000000
342
342.000000
343
343.000000
344
344.000000
345
485.000000
486
486.000000
487
487.000000
488
488.000000
489
489.000000
490
490.000000
491
491.000000
492
492.000000
493
493.000000
494
494.000000
495
495.000000
496
496.000000
497
497.000000
498
498.000000
499
499.000000
500
0.
0.
0.
0.
0.
0.
0.
0.
0.
0.
0.
0.
0.
0.
0.
0.
0.
0.
0.
0.
0.
0.
0.
0.
226
226.000000
227
227.000000
228
228.000000
229
229.000000
230
230.000000
231
231.000000
232
232.000000
233
233.000000
234
234.000000
235
235.000000
236
236.000000
237
237.000000
238
238.000000
239
239.000000
240
240.000000
241
241.000000
242
242.000000
243
243.000000
244
244.000000
245
245.000000
246
246.000000
247
247.000000
248
345.000000
346
346.000000
347
347.000000
348
348.000000
349
349.000000
350
350.000000
351
351.000000
352
352.000000
353
353.000000
354
354.000000
355
355.000000
356
356.000000
357
357.000000
358
358.000000
359
359.000000
360
500.000000
501
501.000000
502
502.000000
503
503.000000
504
504.000000
505
505.000000
506
506.000000
507
507.000000
508
508.000000
509
509.000000
510
510.000000
511
511.000000
512
512.000000
513
513.000000
514
514.000000
515
515.000000
0.
0.
0.
0.
0.
0.
0.
0.
0.
248.000000
249
249.000000
250
250.000000
251
251.000000
252
252.000000
253
253.000000
254
254.000000
255
255.000000
256
256.000000
257
257.000000
258
258.000000
259
259.000000
260
260.000000
261
261.000000
262
262.000000
263
263.000000
264
264.000000
265
265.000000
266
266.000000
267
267.000000
268
268.000000
269
269.000000
360.000000
361
361.000000
362
362.000000
363
363.000000
364
364.000000
365
365.000000
366
366.000000
367
367.000000
368
368.000000
369
369.000000
370
370.000000
371
371.000000
372
372.000000
373
373.000000
516
516.000000
517
517.000000
518
518.000000
519
519.000000
520
520.000000
521
521.000000
522
522.000000
523
523.000000
524
524.000000
525
525.000000
526
526.000000
527
527.000000
528
528.000000
529
529.000000
530
Process [1]
0.
0.
0.
0.
0.
0.
0.
0.
0.
0.
0.
0.
0.
0.
0.
0.
0.
0.
0.
0.
270
270.000000
271
271.000000
272
272.000000
273
273.000000
274
274.000000
275
275.000000
276
276.000000
277
277.000000
278
278.000000
279
279.000000
280
280.000000
281
281.000000
282
282.000000
283
283.000000
284
284.000000
285
285.000000
286
286.000000
287
287.000000
288
288.000000
289
289.000000
290
290.000000
291
291.000000
292
374
374.000000
375
375.000000
376
376.000000
377
377.000000
378
378.000000
379
379.000000
380
380.000000
381
381.000000
382
382.000000
383
383.000000
384
384.000000
385
385.000000
386
386.000000
387
530.000000
531
531.000000
532
532.000000
533
533.000000
534
534.000000
535
535.000000
536
536.000000
537
537.000000
538
538.000000
539
539.000000
540
540.000000
541
541.000000
542
542.000000
543
543.000000
544
0.
0.
0.
0.
0.
0.
0.
0.
0.
0.
0.
0.
0.
0.
0.
0.
0.
0.
0.
0.
0.
0.
0.
292.000000
293
293.000000
294
294.000000
295
295.000000
296
296.000000
297
297.000000
298
298.000000
299
299.000000
387.000000
388
388.000000
389
389.000000
390
390.000000
391
391.000000
392
392.000000
393
393.000000
394
394.000000
395
395.000000
396
396.000000
397
397.000000
398
398.000000
399
399.000000
544.000000
545
545.000000
546
546.000000
547
547.000000
548
548.000000
549
549.000000
550
550.000000
551
551.000000
552
552.000000
553
553.000000
554
554.000000
555
555.000000
556
556.000000
557
0.
0.
0.
0.
0.
0.
0.
0.
0.
0.
0.
0.
0.
0.
0.
0.
0.
0.
0.
0.
0.
0.
0.
0.
0.
400
400.000000
401
401.000000
402
402.000000
403
403.000000
404
404.000000
405
405.000000
406
406.000000
407
407.000000
408
408.000000
409
409.000000
410
410.000000
411
557.000000
558
558.000000
559
559.000000
560
560.000000
561
561.000000
562
562.000000
563
563.000000
564
564.000000
565
565.000000
566
566.000000
567
567.000000
568
568.000000
569
0.
0.
0.
0.
0.
0.
0.
0.
0.
0.
0.
0.
0.
0.
0.
0.
0.
0.
411.000000
412
412.000000
413
413.000000
414
414.000000
415
415.000000
416
416.000000
417
417.000000
418
418.000000
419
419.000000
420
420.000000
421
421.000000
422
569.000000
570
570.000000
571
571.000000
572
572.000000
573
573.000000
574
574.000000
575
575.000000
576
576.000000
577
577.000000
578
578.000000
579
579.000000
580
0.
0.
0.
0.
0.
0.
0.
0.
0.
0.
0.
0.
0.
0.
0.
0.
0.
422.000000
423
423.000000
424
424.000000
425
425.000000
426
426.000000
427
427.000000
428
428.000000
429
429.000000
430
430.000000
431
431.000000
432
432.000000
580.000000
581
581.000000
582
582.000000
583
583.000000
584
584.000000
585
585.000000
586
586.000000
587
587.000000
588
588.000000
589
589.000000
590
590.000000
591
0.
0.
0.
0.
0.
0.
0.
0.
0.
0.
0.
0.
0.
0.
0.
0.
0.
0.
433
433.000000
434
434.000000
435
435.000000
436
436.000000
437
437.000000
438
438.000000
439
439.000000
440
440.000000
441
441.000000
442
442.000000
443
443.000000
591.000000
592
592.000000
593
593.000000
594
594.000000
595
595.000000
596
596.000000
597
597.000000
598
598.000000
599
599.000000
0.
0.
0.
0.
0.
0.
0.
0.
0.
0.
0.
0.
0.
0.
0.
0.
0.
0.
444
444.000000
445
445.000000
446
446.000000
447
447.000000
448
448.000000
449
449.000000
0.
0.
0.
0.
0.
0.
0.
0.
0.
0.
0.
Process [2]
0.
0.
0.
0.
0.
0.
0.
0.
0.
0.
0.
0.
0.
0.
0.
0.
0.
0.
0.
0.
0.
0.
0.
0.
0.
0.
0.
0.
0.
0.
0.
0.
0.
0.
0.
0.
0.
0.
0.
0.
0.
0.
0.
0.
0.
0.
0.
0.
0.
0.
0.
0.
0.
0.
0.
0.
0.
0.
0.
0.
0.
0.
0.
0.
0.
0.
0.
0.
0.
0.
0.
0.
0.
0.
0.
0.
0.
0.
0.
0.
0.
0.
0.
0.
0.
0.
0.
0.
0.
0.
0.
0.
0.
0.
0.
0.
0.
0.
0.
0.
0.
0.
0.
0.
0.
0.
0.
0.
0.
0.
0.
0.
0.
0.
0.
0.
0.
0.
0.
0.
0.
0.
0.
0.
0.
0.
0.
0.
0.
0.
0.
0.
0.
0.
0.
0.
0.
0.
0.
0.
0.
0.
0.
0.
0.
0.
0.
0.
0.
0.
Process [3]
0.
0.
0.
0.
0.
0.
0.
0.
0.
0.
0.
0.
0.
0.
0.
0.
0.
0.
0.
0.
0.
0.
0.
0.
0.
0.
0.
0.
0.
0.
0.
0.
0.
0.
0.
0.
0.
0.
0.
0.
0.
0.
0.
0.
0.
0.
0.
0.
0.
0.
0.
0.
0.
0.
0.
0.
0.
0.
0.
0.
0.
0.
0.
0.
0.
0.
0.
0.
0.
0.
0.
0.
0.
0.
0.
0.
0.
0.
0.
0.
0.
0.
0.
0.
0.
0.
0.
0.
0.
0.
0.
0.
0.
0.
0.
0.
0.
0.
0.
0.
0.
0.
0.
0.
0.
0.
0.
0.
0.
0.
0.
0.
0.
0.
0.
0.
0.
0.
0.
0.
0.
0.
0.
0.
0.
0.
0.
0.
0.
0.
0.
0.
0.
0.
0.
0.
0.
0.
0.
0.
0.
0.
0.
0.
0.
0.
0.
0.
0.
0.
s 0 e 150  
0
0.000000
1
1.000000
2
2.000000
3
3.000000
4
4.000000
5
5.000000
6
6.000000
7
7.000000
8
8.000000
9
9.000000
10
10.000000
11
11.000000
12
12.000000
13
13.000000
14
14.000000
15
15.000000
16
16.000000
17
17.000000
18
18.000000
19
19.000000
20
20.000000
21
21.000000
22
22.000000
23
23.000000
24
24.000000
25
25.000000
26
26.000000
27
27.000000
28
28.000000
29
29.000000
30
30.000000
31
31.000000
32
32.000000
33
33.000000
34
34.000000
35
35.000000
36
36.000000
37
37.000000
38
38.000000
39
39.000000
40
40.000000
41
41.000000
42
42.000000
43
43.000000
44
44.000000
45
45.000000
46
46.000000
47
47.000000
48
48.000000
49
49.000000
50
50.000000
51
51.000000
52
52.000000
53
53.000000
54
54.000000
55
55.000000
56
56.000000
57
57.000000
58
58.000000
59
59.000000
60
60.000000
61
61.000000
62
62.000000
63
63.000000
64
64.000000
65
65.000000
66
66.000000
67
67.000000
68
68.000000
69
69.000000
70
70.000000
71
71.000000
72
72.000000
73
73.000000
74
74.000000
75
75.000000
76
76.000000
77
77.000000
78
78.000000
79
79.000000
80
80.000000
81
81.000000
82
82.000000
83
83.000000
84
84.000000
85
85.000000
86
86.000000
87
87.000000
88
88.000000
89
89.000000
90
90.000000
91
91.000000
92
92.000000
93
93.000000
94
94.000000
95
95.000000
96
96.000000
97
97.000000
98
98.000000
99
99.000000
100
100.000000
101
101.000000
102
102.000000
103
103.000000
104
104.000000
105
105.000000
106
106.000000
107
107.000000
108
108.000000
109
109.000000
110
110.000000
111
111.000000
112
112.000000
113
113.000000
114
114.000000
115
115.000000
116
116.000000
117
117.000000
118
118.000000
119
119.000000
120
120.000000
121
121.000000
122
122.000000
123
123.000000
124
124.000000
125
125.000000
126
126.000000
127
127.000000
128
128.000000
129
129.000000
130
130.000000
131
131.000000
132
132.000000
133
133.000000
134
134.000000
135
135.000000
136
136.000000
137
137.000000
138
138.000000
139
139.000000
140
140.000000
141
141.000000
142
142.000000
143
143.000000
144
144.000000
145
145.000000
146
146.000000
147
147.000000
148
148.000000
149
149.000000
Vec Object: 4 MPI processes
  type: mpi
Process [0]
0.
1.
2.
3.
4.
5.
6.
7.
8.
9.
10.
11.
12.
13.
14.
15.
16.
17.
18.
19.
20.
21.
22.
23.
24.
25.
26.
27.
28.
29.
30.
31.
32.
33.
34.
35.
36.
37.
38.
39.
40.
41.
42.
43.
44.
45.
46.
47.
48.
49.
50.
51.
52.
53.
54.
55.
56.
57.
58.
59.
60.
61.
62.
63.
64.
65.
66.
67.
68.
69.
70.
71.
72.
73.
74.
75.
76.
77.
78.
79.
80.
81.
82.
83.
84.
85.
86.
87.
88.
89.
90.
91.
92.
93.
94.
95.
96.
97.
98.
99.
100.
101.
102.
103.
104.
105.
106.
107.
108.
109.
110.
111.
112.
113.
114.
115.
116.
117.
118.
119.
120.
121.
122.
123.
124.
125.
126.
127.
128.
129.
130.
131.
132.
133.
134.
135.
136.
137.
138.
139.
140.
141.
142.
143.
144.
145.
146.
147.
148.
149.
Process [1]
150.
151.
152.
153.
154.
155.
156.
157.
158.
159.
160.
161.
162.
163.
164.
165.
166.
167.
168.
169.
170.
171.
172.
173.
174.
175.
176.
177.
178.
179.
180.
181.
182.
183.
184.
185.
186.
187.
188.
189.
190.
191.
192.
193.
194.
195.
196.
197.
198.
199.
200.
201.
202.
203.
204.
205.
206.
207.
208.
209.
210.
211.
212.
213.
214.
215.
216.
217.
218.
219.
220.
221.
222.
223.
224.
225.
226.
227.
228.
229.
230.
231.
232.
233.
234.
235.
236.
237.
238.
239.
240.
241.
242.
243.
244.
245.
246.
247.
248.
249.
250.
251.
252.
253.
254.
255.
256.
257.
258.
259.
260.
261.
262.
263.
264.
265.
266.
267.
268.
269.
270.
271.
272.
273.
274.
275.
276.
277.
278.
279.
280.
281.
282.
283.
284.
285.
286.
287.
288.
289.
290.
291.
292.
293.
294.
295.
296.
297.
298.
299.
Process [2]
300.
301.
302.
303.
304.
305.
306.
307.
308.
309.
310.
311.
312.
313.
314.
315.
316.
317.
318.
319.
320.
321.
322.
323.
324.
325.
326.
327.
328.
329.
330.
331.
332.
333.
334.
335.
336.
337.
338.
339.
340.
341.
342.
343.
344.
345.
346.
347.
348.
349.
350.
351.
352.
353.
354.
355.
356.
357.
358.
359.
360.
361.
362.
363.
364.
365.
366.
367.
368.
369.
370.
371.
372.
373.
374.
375.
376.
377.
378.
379.
380.
381.
382.
383.
384.
385.
386.
387.
388.
389.
390.
391.
392.
393.
394.
395.
396.
397.
398.
399.
400.
401.
402.
403.
404.
405.
406.
407.
408.
409.
410.
411.
412.
413.
414.
415.
416.
417.
418.
419.
420.
421.
422.
423.
424.
425.
426.
427.
428.
429.
430.
431.
432.
433.
434.
435.
436.
437.
438.
439.
440.
441.
442.
443.
444.
445.
446.
447.
448.
449.
Process [3]
450.
451.
452.
453.
454.
455.
456.
457.
458.
459.
460.
461.
462.
463.
464.
465.
466.
467.
468.
469.
470.
471.
472.
473.
474.
475.
476.
477.
478.
479.
480.
481.
482.
483.
484.
485.
486.
487.
488.
489.
490.
491.
492.
493.
494.
495.
496.
497.
498.
499.
500.
501.
502.
503.
504.
505.
506.
507.
508.
509.
510.
511.
512.
513.
514.
515.
516.
517.
518.
519.
520.
521.
522.
523.
524.
525.
526.
527.
528.
529.
530.
531.
532.
533.
534.
535.
536.
537.
538.
539.
540.
541.
542.
543.
544.
545.
546.
547.
548.
549.
550.
551.
552.
553.
554.
555.
556.
557.
558.
559.
560.
561.
562.
563.
564.
565.
566.
567.
568.
569.
570.
571.
572.
573.
574.
575.
576.
577.
578.
579.
580.
581.
582.
583.
584.
585.
586.
587.
588.
589.
590.
591.
592.
593.
594.
595.
596.
597.
598.
599.
s 150 e 300  
s 300 e 450  
s 450 e 600  

real	0m1.868s
user	0m0.018s
sys	0m0.023s
+ echo '-------------- Run of Vec2c ----------------'
-------------- Run of Vec2c ----------------
+ srun ./vec2c.exe

real	0m0.402s
user	0m0.017s
sys	0m0.008s
