Loading petsc/3.20.1-mpi
  Loading requirement: intel-compilers/19.1.3 intel-mpi/2019.9
+ echo '-------------- Run of Vec2a ----------------'
-------------- Run of Vec2a ----------------
+ srun ./vec2a.exe
hello
hello
hello
hello
s 0 e 150000  
s 150000 e 300000  
s 300000 e 450000  
s 450000 e 600000  

real	0m1.539s
user	0m0.017s
sys	0m0.009s
+ echo '-------------- Run of Vec2b ----------------'
-------------- Run of Vec2b ----------------
+ srun ./vec2b.exe
hello
hello
hello
hello
s 0 e 150000  
s 150000 e 300000  
s 300000 e 450000  
s 450000 e 600000  

real	0m4.281s
user	0m0.015s
sys	0m0.012s
+ echo '-------------- Run of Vec2c ----------------'
-------------- Run of Vec2c ----------------
+ srun ./vec2c.exe
hello
hello
hello
hello
s 0 e 150000  
s 150000 e 300000  
s 300000 e 450000  
s 450000 e 600000  

real	0m3.792s
user	0m0.016s
sys	0m0.011s
