Loading petsc/3.20.1-mpi-debug
  Loading requirement: intel-compilers/19.1.3 intel-mpi/2019.9
+ echo '-------------- Run of Vec2a ----------------'
-------------- Run of Vec2a ----------------
+ srun ./vec2a.exe
hello
hello
hello
hello
Vec Object: 4 MPI processes
  type: mpi
Process [0]
0.
0.
Process [1]
0.
0.
Process [2]
0.
Process [3]
0.
s 0 e 2  
Vec Object: 4 MPI processes
  type: mpi
Process [0]
0.
1.
Process [1]
2.
3.
Process [2]
4.
Process [3]
5.
s 2 e 4  
s 4 e 5  
s 5 e 6  

real	0m6.489s
user	0m0.020s
sys	0m0.007s
+ echo '-------------- Run of Vec2b ----------------'
-------------- Run of Vec2b ----------------
+ srun ./vec2b.exe
srun: Job 1611869 step creation temporarily disabled, retrying (Requested nodes are busy)
srun: Step created for StepId=1611869.1
hello
hello
hello
hello
Vec Object: 4 MPI processes
  type: mpi
Process [0]
0.
0.
Process [1]
0.
0.
2
2.000000
3
Process [2]
0.
Process [3]
3.000000
4
4.000000
5
5.000000
0.
s 0 e 2  
0
0.000000
1
1.000000
Vec Object: 4 MPI processes
  type: mpi
Process [0]
0.
1.
Process [1]
2.
3.
Process [2]
4.
Process [3]
5.
s 2 e 4  
s 4 e 5  
s 5 e 6  

real	0m1.877s
user	0m0.013s
sys	0m0.015s
+ echo '-------------- Run of Vec2c ----------------'
-------------- Run of Vec2c ----------------
+ srun ./vec2c.exe

real	0m1.251s
user	0m0.016s
sys	0m0.009s
