Loading petsc/3.20.1-mpi-debug
  Loading requirement: intel-compilers/19.1.3 intel-mpi/2019.9
+ echo '-------------- Run of Vec2a ----------------'
-------------- Run of Vec2a ----------------
+ srun ./vec2a.exe
hello
hello
hello
hello
s 0 e 150  
s 150 e 300  
s 300 e 450  
s 450 e 600  

real	0m2.973s
user	0m0.015s
sys	0m0.011s
+ echo '-------------- Run of Vec2b ----------------'
-------------- Run of Vec2b ----------------
+ srun ./vec2b.exe
hello
hello
hello
hello
s 0 e 150  
s 150 e 300  
s 300 e 450  
s 450 e 600  

real	0m2.494s
user	0m0.017s
sys	0m0.009s
+ echo '-------------- Run of Vec2c ----------------'
-------------- Run of Vec2c ----------------
+ srun ./vec2c.exe

real	0m6.927s
user	0m0.016s
sys	0m0.009s
