Loading petsc/3.20.1-mpi-debug
  Loading requirement: intel-compilers/19.1.3 intel-mpi/2019.9
+ echo '-------------- Run of Vec2a ----------------'
-------------- Run of Vec2a ----------------
+ srun ./vec2a.exe
hello
hello
hello
hello
s 0 e 150  
s 150 e 300  
s 300 e 450  
s 450 e 600  

real	0m27.316s
user	0m0.015s
sys	0m0.012s
+ echo '-------------- Run of Vec2b ----------------'
-------------- Run of Vec2b ----------------
+ srun ./vec2b.exe
hello
hello
hello
hello
s 0 e 150  
s 150 e 300  
s 300 e 450  
s 450 e 600  

real	0m0.921s
user	0m0.013s
sys	0m0.013s
+ echo '-------------- Run of Vec2c ----------------'
-------------- Run of Vec2c ----------------
+ srun ./vec2c.exe
hello
hello
hello
hello
s 0 e 150  
s 150 e 300  
s 300 e 450  
s 450 e 600  

real	0m0.905s
user	0m0.019s
sys	0m0.007s
